photoSelectActivity/build/outputs/logs/manifest-merger-debug-report.txt
-- Merging decision tree log ---
manifest
ADDED from src\main\AndroidManifest.xml:1:1-33:12
INJECTED from src\main\AndroidManifest.xml:1:1-33:12
INJECTED from src\main\AndroidManifest.xml:1:1-33:12
	package
		ADDED from src\main\AndroidManifest.xml:2:5-40
		INJECTED from src\main\AndroidManifest.xml
		INJECTED from src\main\AndroidManifest.xml
	xmlns:android
		ADDED from src\main\AndroidManifest.xml:1:11-69
uses-sdk
ADDED from src\main\AndroidManifest.xml:4:5-6:41
INJECTED from src\main\AndroidManifest.xml:4:5-6:41
INJECTED from src\main\AndroidManifest.xml:4:5-6:41
INJECTED from src\main\AndroidManifest.xml:4:5-6:41
INJECTED from src\main\AndroidManifest.xml:4:5-6:41
	android:targetSdkVersion
		ADDED from src\main\AndroidManifest.xml:6:9-38
		INJECTED from src\main\AndroidManifest.xml
		INJECTED from src\main\AndroidManifest.xml
	android:minSdkVersion
		ADDED from src\main\AndroidManifest.xml:5:9-35
		INJECTED from src\main\AndroidManifest.xml
		INJECTED from src\main\AndroidManifest.xml
uses-permission#android.permission.MOUNT_UNMOUNT_FILESYSTEMS
ADDED from src\main\AndroidManifest.xml:9:5-84
	android:name
		ADDED from src\main\AndroidManifest.xml:9:22-81
uses-permission#android.permission.WRITE_EXTERNAL_STORAGE
ADDED from src\main\AndroidManifest.xml:11:5-81
	android:name
		ADDED from src\main\AndroidManifest.xml:11:22-78
uses-permission#android.permission.READ_EXTERNAL_STORAGE
ADDED from src\main\AndroidManifest.xml:13:5-80
	android:name
		ADDED from src\main\AndroidManifest.xml:13:22-77
application
ADDED from src\main\AndroidManifest.xml:15:5-31:19
	android:supportsRtl
		ADDED from src\main\AndroidManifest.xml:18:9-35
	android:largeHeap
		ADDED from src\main\AndroidManifest.xml:17:9-33
	android:allowBackup
		ADDED from src\main\AndroidManifest.xml:16:9-35
activity#cn.finalteam.galleryfinal.PhotoSelectActivity
ADDED from src\main\AndroidManifest.xml:19:9-22:52
	android:screenOrientation
		ADDED from src\main\AndroidManifest.xml:22:13-49
	android:configChanges
		ADDED from src\main\AndroidManifest.xml:21:13-83
	android:name
		ADDED from src\main\AndroidManifest.xml:20:13-48
activity#cn.finalteam.galleryfinal.PhotoEditActivity
ADDED from src\main\AndroidManifest.xml:23:9-26:52
	android:screenOrientation
		ADDED from src\main\AndroidManifest.xml:26:13-49
	android:configChanges
		ADDED from src\main\AndroidManifest.xml:25:13-83
	android:name
		ADDED from src\main\AndroidManifest.xml:24:13-46
activity#cn.finalteam.galleryfinal.PhotoPreviewActivity
ADDED from src\main\AndroidManifest.xml:27:9-30:52
	android:screenOrientation
		ADDED from src\main\AndroidManifest.xml:30:13-49
	android:configChanges
		ADDED from src\main\AndroidManifest.xml:29:13-83
	android:name
		ADDED from src\main\AndroidManifest.xml:28:13-49